<?xml version="1.0" encoding="UTF-8"?>
<testsuite name="com.plcoding.composegooglesignincleanarchitecture.ExampleUnitTest" tests="1" skipped="0" failures="0" errors="0" timestamp="2024-01-03T12:37:35" hostname="DESKTOP-4P0L08U" time="0.002">
  <properties/>
  <testcase name="addition_isCorrect" classname="com.plcoding.composegooglesignincleanarchitecture.ExampleUnitTest" time="0.002"/>
  <system-out><![CDATA[]]></system-out>
  <system-err><![CDATA[]]></system-err>
</testsuite>
